Build started 10/8/2012 2:01:31 PM.
     1>Project "C:\Users\Patrick\Desktop\CS 31\Projects\Project_1\compile_error\compile_error\compile_error.vcxproj" on node 2 (build target(s)).
     1>InitializeBuildStatus:
         Touching "Debug\compile_error.unsuccessfulbuild".
       ClCompile:
         C:\Program Files (x86)\Microsoft Visual Studio 10.0\VC\bin\CL.exe /c /ZI /nologo /W3 /WX- /Od /Oy- /D _MBCS /Gm /EHsc /RTC1 /MDd /GS /fp:precise /Zc:wchar_t /Zc:forScope /Fo"Debug\\" /Fd"Debug\vc100.pdb" /Gd /TP /analyze- /errorReport:prompt compile_error.cpp
         compile_error.cpp
     1>c:\users\patrick\desktop\cs 31\projects\project_1\compile_error\compile_error\compile_error.cpp(10): error C2014: preprocessor command must start as first nonwhite space
     1>c:\users\patrick\desktop\cs 31\projects\project_1\compile_error\compile_error\compile_error.cpp(11): error C2632: 'int' followed by 'int' is illegal
     1>c:\users\patrick\desktop\cs 31\projects\project_1\compile_error\compile_error\compile_error.cpp(13): error C2059: syntax error : '<'
     1>c:\users\patrick\desktop\cs 31\projects\project_1\compile_error\compile_error\compile_error.cpp(16): error C2065: 'forObama' : undeclared identifier
     1>c:\users\patrick\desktop\cs 31\projects\project_1\compile_error\compile_error\compile_error.cpp(20): error C2065: 'forObama' : undeclared identifier
     1>c:\users\patrick\desktop\cs 31\projects\project_1\compile_error\compile_error\compile_error.cpp(30): error C2065: 'forObama' : undeclared identifier
     1>Done Building Project "C:\Users\Patrick\Desktop\CS 31\Projects\Project_1\compile_error\compile_error\compile_error.vcxproj" (build target(s)) -- FAILED.

Build FAILED.

Time Elapsed 00:00:01.08
